Analysis & Synthesis report for WrapperULA
Thu Oct  5 11:10:15 2017
Quartus II 64-Bit Version 13.0.1 Build 232 06/12/2013 Service Pack 1 SJ Web Edition


---------------------
; Table of Contents ;
---------------------
  1. Legal Notice
  2. Analysis & Synthesis Summary
  3. Analysis & Synthesis Settings
  4. Parallel Compilation
  5. Analysis & Synthesis Source Files Read
  6. Analysis & Synthesis Resource Usage Summary
  7. Analysis & Synthesis Resource Utilization by Entity
  8. State Machine - |WrapperULA|Control:ctrlMicro|State
  9. User-Specified and Inferred Latches
 10. Registers Removed During Synthesis
 11. General Register Statistics
 12. Multiplexer Restructuring Statistics (Restructuring Performed)
 13. Parameter Settings for User Entity Instance: Control:ctrlMicro
 14. Parameter Settings for User Entity Instance: Decoder:instdecode
 15. Parameter Settings for User Entity Instance: ULA:modULA
 16. Port Connectivity Checks: "Mux16bit2x1:muxOpImm"
 17. Port Connectivity Checks: "Dec7Seg:hex4"
 18. Port Connectivity Checks: "Dec7Seg:hex0"
 19. Elapsed Time Per Partition
 20. Analysis & Synthesis Messages
 21. Analysis & Synthesis Suppressed Messages



----------------
; Legal Notice ;
----------------
Copyright (C) 1991-2013 Altera Corporation
Your use of Altera Corporation's design tools, logic functions 
and other software and tools, and its AMPP partner logic 
functions, and any output files from any of the foregoing 
(including device programming or simulation files), and any 
associated documentation or information are expressly subject 
to the terms and conditions of the Altera Program License 
Subscription Agreement, Altera MegaCore Function License 
Agreement, or other applicable license agreement, including, 
without limitation, that your use is for the sole purpose of 
programming logic devices manufactured by Altera and sold by 
Altera or its authorized distributors.  Please refer to the 
applicable agreement for further details.



+--------------------------------------------------------------------------------------+
; Analysis & Synthesis Summary                                                         ;
+------------------------------------+-------------------------------------------------+
; Analysis & Synthesis Status        ; Successful - Thu Oct  5 11:10:15 2017           ;
; Quartus II 64-Bit Version          ; 13.0.1 Build 232 06/12/2013 SP 1 SJ Web Edition ;
; Revision Name                      ; WrapperULA                                      ;
; Top-level Entity Name              ; WrapperULA                                      ;
; Family                             ; Cyclone II                                      ;
; Total logic elements               ; 851                                             ;
;     Total combinational functions  ; 595                                             ;
;     Dedicated logic registers      ; 332                                             ;
; Total registers                    ; 332                                             ;
; Total pins                         ; 77                                              ;
; Total virtual pins                 ; 0                                               ;
; Total memory bits                  ; 0                                               ;
; Embedded Multiplier 9-bit elements ; 0                                               ;
; Total PLLs                         ; 0                                               ;
+------------------------------------+-------------------------------------------------+


+----------------------------------------------------------------------------------------------------------------------+
; Analysis & Synthesis Settings                                                                                        ;
+----------------------------------------------------------------------------+--------------------+--------------------+
; Option                                                                     ; Setting            ; Default Value      ;
+----------------------------------------------------------------------------+--------------------+--------------------+
; Device                                                                     ; EP2C35F672C6       ;                    ;
; Top-level entity name                                                      ; WrapperULA         ; WrapperULA         ;
; Family name                                                                ; Cyclone II         ; Cyclone IV GX      ;
; Use smart compilation                                                      ; Off                ; Off                ;
; Enable parallel Assembler and TimeQuest Timing Analyzer during compilation ; On                 ; On                 ;
; Enable compact report table                                                ; Off                ; Off                ;
; Restructure Multiplexers                                                   ; Auto               ; Auto               ;
; Create Debugging Nodes for IP Cores                                        ; Off                ; Off                ;
; Preserve fewer node names                                                  ; On                 ; On                 ;
; Disable OpenCore Plus hardware evaluation                                  ; Off                ; Off                ;
; Verilog Version                                                            ; Verilog_2001       ; Verilog_2001       ;
; VHDL Version                                                               ; VHDL_1993          ; VHDL_1993          ;
; State Machine Processing                                                   ; Auto               ; Auto               ;
; Safe State Machine                                                         ; Off                ; Off                ;
; Extract Verilog State Machines                                             ; On                 ; On                 ;
; Extract VHDL State Machines                                                ; On                 ; On                 ;
; Ignore Verilog initial constructs                                          ; Off                ; Off                ;
; Iteration limit for constant Verilog loops                                 ; 5000               ; 5000               ;
; Iteration limit for non-constant Verilog loops                             ; 250                ; 250                ;
; Add Pass-Through Logic to Inferred RAMs                                    ; On                 ; On                 ;
; Infer RAMs from Raw Logic                                                  ; On                 ; On                 ;
; Parallel Synthesis                                                         ; On                 ; On                 ;
; DSP Block Balancing                                                        ; Auto               ; Auto               ;
; NOT Gate Push-Back                                                         ; On                 ; On                 ;
; Power-Up Don't Care                                                        ; On                 ; On                 ;
; Remove Redundant Logic Cells                                               ; Off                ; Off                ;
; Remove Duplicate Registers                                                 ; On                 ; On                 ;
; Ignore CARRY Buffers                                                       ; Off                ; Off                ;
; Ignore CASCADE Buffers                                                     ; Off                ; Off                ;
; Ignore GLOBAL Buffers                                                      ; Off                ; Off                ;
; Ignore ROW GLOBAL Buffers                                                  ; Off                ; Off                ;
; Ignore LCELL Buffers                                                       ; Off                ; Off                ;
; Ignore SOFT Buffers                                                        ; On                 ; On                 ;
; Limit AHDL Integers to 32 Bits                                             ; Off                ; Off                ;
; Optimization Technique                                                     ; Balanced           ; Balanced           ;
; Carry Chain Length                                                         ; 70                 ; 70                 ;
; Auto Carry Chains                                                          ; On                 ; On                 ;
; Auto Open-Drain Pins                                                       ; On                 ; On                 ;
; Perform WYSIWYG Primitive Resynthesis                                      ; Off                ; Off                ;
; Auto ROM Replacement                                                       ; On                 ; On                 ;
; Auto RAM Replacement                                                       ; On                 ; On                 ;
; Auto Shift Register Replacement                                            ; Auto               ; Auto               ;
; Allow Shift Register Merging across Hierarchies                            ; Auto               ; Auto               ;
; Auto Clock Enable Replacement                                              ; On                 ; On                 ;
; Strict RAM Replacement                                                     ; Off                ; Off                ;
; Allow Synchronous Control Signals                                          ; On                 ; On                 ;
; Force Use of Synchronous Clear Signals                                     ; Off                ; Off                ;
; Auto RAM to Logic Cell Conversion                                          ; Off                ; Off                ;
; Auto Resource Sharing                                                      ; Off                ; Off                ;
; Allow Any RAM Size For Recognition                                         ; Off                ; Off                ;
; Allow Any ROM Size For Recognition                                         ; Off                ; Off                ;
; Allow Any Shift Register Size For Recognition                              ; Off                ; Off                ;
; Use LogicLock Constraints during Resource Balancing                        ; On                 ; On                 ;
; Ignore translate_off and synthesis_off directives                          ; Off                ; Off                ;
; Timing-Driven Synthesis                                                    ; Off                ; Off                ;
; Report Parameter Settings                                                  ; On                 ; On                 ;
; Report Source Assignments                                                  ; On                 ; On                 ;
; Report Connectivity Checks                                                 ; On                 ; On                 ;
; Ignore Maximum Fan-Out Assignments                                         ; Off                ; Off                ;
; Synchronization Register Chain Length                                      ; 2                  ; 2                  ;
; PowerPlay Power Optimization                                               ; Normal compilation ; Normal compilation ;
; HDL message level                                                          ; Level2             ; Level2             ;
; Suppress Register Optimization Related Messages                            ; Off                ; Off                ;
; Number of Removed Registers Reported in Synthesis Report                   ; 5000               ; 5000               ;
; Number of Swept Nodes Reported in Synthesis Report                         ; 5000               ; 5000               ;
; Number of Inverted Registers Reported in Synthesis Report                  ; 100                ; 100                ;
; Clock MUX Protection                                                       ; On                 ; On                 ;
; Auto Gated Clock Conversion                                                ; Off                ; Off                ;
; Block Design Naming                                                        ; Auto               ; Auto               ;
; SDC constraint protection                                                  ; Off                ; Off                ;
; Synthesis Effort                                                           ; Auto               ; Auto               ;
; Shift Register Replacement - Allow Asynchronous Clear Signal               ; On                 ; On                 ;
; Pre-Mapping Resynthesis Optimization                                       ; Off                ; Off                ;
; Analysis & Synthesis Message Level                                         ; Medium             ; Medium             ;
; Disable Register Merging Across Hierarchies                                ; Auto               ; Auto               ;
; Resource Aware Inference For Block RAM                                     ; On                 ; On                 ;
; Synthesis Seed                                                             ; 1                  ; 1                  ;
+----------------------------------------------------------------------------+--------------------+--------------------+


Parallel compilation was disabled, but you have multiple processors available. Enable parallel compilation to reduce compilation time.
+-------------------------------------+
; Parallel Compilation                ;
+----------------------------+--------+
; Processors                 ; Number ;
+----------------------------+--------+
; Number detected on machine ; 4      ;
; Maximum allowed            ; 1      ;
+----------------------------+--------+


+---------------------------------------------------------------------------------------------------------------------------------------------------------------------------+
; Analysis & Synthesis Source Files Read                                                                                                                                    ;
+----------------------------------+-----------------+------------------------+-----------------------------------------------------------------------------------+---------+
; File Name with User-Entered Path ; Used in Netlist ; File Type              ; File Name with Absolute Path                                                      ; Library ;
+----------------------------------+-----------------+------------------------+-----------------------------------------------------------------------------------+---------+
; Mux16bit2x1.v                    ; yes             ; User Verilog HDL File  ; /home/iuri/Dropbox/Trabalho Arquitetura de Computadores/WrapperULA/Mux16bit2x1.v  ;         ;
; Decoder.v                        ; yes             ; User Verilog HDL File  ; /home/iuri/Dropbox/Trabalho Arquitetura de Computadores/WrapperULA/Decoder.v      ;         ;
; ULA.v                            ; yes             ; User Verilog HDL File  ; /home/iuri/Dropbox/Trabalho Arquitetura de Computadores/WrapperULA/ULA.v          ;         ;
; RegisterBank.v                   ; yes             ; User Verilog HDL File  ; /home/iuri/Dropbox/Trabalho Arquitetura de Computadores/WrapperULA/RegisterBank.v ;         ;
; WrapperULA.v                     ; yes             ; User Verilog HDL File  ; /home/iuri/Dropbox/Trabalho Arquitetura de Computadores/WrapperULA/WrapperULA.v   ;         ;
; Dec7Seg.v                        ; yes             ; User Verilog HDL File  ; /home/iuri/Dropbox/Trabalho Arquitetura de Computadores/WrapperULA/Dec7Seg.v      ;         ;
; Control.v                        ; yes             ; User Verilog HDL File  ; /home/iuri/Dropbox/Trabalho Arquitetura de Computadores/WrapperULA/Control.v      ;         ;
+----------------------------------+-----------------+------------------------+-----------------------------------------------------------------------------------+---------+


+-----------------------------------------------------+
; Analysis & Synthesis Resource Usage Summary         ;
+---------------------------------------------+-------+
; Resource                                    ; Usage ;
+---------------------------------------------+-------+
; Estimated Total logic elements              ; 851   ;
;                                             ;       ;
; Total combinational functions               ; 595   ;
; Logic element usage by number of LUT inputs ;       ;
;     -- 4 input functions                    ; 449   ;
;     -- 3 input functions                    ; 106   ;
;     -- <=2 input functions                  ; 40    ;
;                                             ;       ;
; Logic elements by mode                      ;       ;
;     -- normal mode                          ; 564   ;
;     -- arithmetic mode                      ; 31    ;
;                                             ;       ;
; Total registers                             ; 332   ;
;     -- Dedicated logic registers            ; 332   ;
;     -- I/O registers                        ; 0     ;
;                                             ;       ;
; I/O pins                                    ; 77    ;
; Embedded Multiplier 9-bit elements          ; 0     ;
; Maximum fan-out node                        ; CLK   ;
; Maximum fan-out                             ; 316   ;
; Total fan-out                               ; 3222  ;
; Average fan-out                             ; 3.21  ;
+---------------------------------------------+-------+


+------------------------------------------------------------------------------------------------------------------------------------------------------------------------------------------+
; Analysis & Synthesis Resource Utilization by Entity                                                                                                                                      ;
+----------------------------+-------------------+--------------+-------------+--------------+---------+-----------+------+--------------+----------------------------------+--------------+
; Compilation Hierarchy Node ; LC Combinationals ; LC Registers ; Memory Bits ; DSP Elements ; DSP 9x9 ; DSP 18x18 ; Pins ; Virtual Pins ; Full Hierarchy Name              ; Library Name ;
+----------------------------+-------------------+--------------+-------------+--------------+---------+-----------+------+--------------+----------------------------------+--------------+
; |WrapperULA                ; 595 (24)          ; 332 (16)     ; 0           ; 0            ; 0       ; 0         ; 77   ; 0            ; |WrapperULA                      ; work         ;
;    |Control:ctrlMicro|     ; 9 (9)             ; 8 (8)        ; 0           ; 0            ; 0       ; 0         ; 0    ; 0            ; |WrapperULA|Control:ctrlMicro    ; work         ;
;    |Dec7Seg:hex0|          ; 7 (7)             ; 0 (0)        ; 0           ; 0            ; 0       ; 0         ; 0    ; 0            ; |WrapperULA|Dec7Seg:hex0         ; work         ;
;    |Dec7Seg:hex1|          ; 7 (7)             ; 0 (0)        ; 0           ; 0            ; 0       ; 0         ; 0    ; 0            ; |WrapperULA|Dec7Seg:hex1         ; work         ;
;    |Dec7Seg:hex2|          ; 7 (7)             ; 0 (0)        ; 0           ; 0            ; 0       ; 0         ; 0    ; 0            ; |WrapperULA|Dec7Seg:hex2         ; work         ;
;    |Dec7Seg:hex3|          ; 7 (7)             ; 0 (0)        ; 0           ; 0            ; 0       ; 0         ; 0    ; 0            ; |WrapperULA|Dec7Seg:hex3         ; work         ;
;    |Dec7Seg:hex4|          ; 7 (7)             ; 0 (0)        ; 0           ; 0            ; 0       ; 0         ; 0    ; 0            ; |WrapperULA|Dec7Seg:hex4         ; work         ;
;    |Dec7Seg:hex5|          ; 7 (7)             ; 0 (0)        ; 0           ; 0            ; 0       ; 0         ; 0    ; 0            ; |WrapperULA|Dec7Seg:hex5         ; work         ;
;    |Dec7Seg:hex6|          ; 7 (7)             ; 0 (0)        ; 0           ; 0            ; 0       ; 0         ; 0    ; 0            ; |WrapperULA|Dec7Seg:hex6         ; work         ;
;    |Dec7Seg:hex7|          ; 7 (7)             ; 0 (0)        ; 0           ; 0            ; 0       ; 0         ; 0    ; 0            ; |WrapperULA|Dec7Seg:hex7         ; work         ;
;    |Decoder:instdecode|    ; 5 (5)             ; 4 (4)        ; 0           ; 0            ; 0       ; 0         ; 0    ; 0            ; |WrapperULA|Decoder:instdecode   ; work         ;
;    |Mux16bit2x1:muxOpImm|  ; 16 (16)           ; 0 (0)        ; 0           ; 0            ; 0       ; 0         ; 0    ; 0            ; |WrapperULA|Mux16bit2x1:muxOpImm ; work         ;
;    |RegisterBank:regBank|  ; 369 (369)         ; 288 (288)    ; 0           ; 0            ; 0       ; 0         ; 0    ; 0            ; |WrapperULA|RegisterBank:regBank ; work         ;
;    |ULA:modULA|            ; 116 (116)         ; 16 (16)      ; 0           ; 0            ; 0       ; 0         ; 0    ; 0            ; |WrapperULA|ULA:modULA           ; work         ;
+----------------------------+-------------------+--------------+-------------+--------------+---------+-----------+------+--------------+----------------------------------+--------------+
Note: For table entries with two numbers listed, the numbers in parentheses indicate the number of resources of the given type used by the specific entity alone. The numbers listed outside of parentheses indicate the total resources of the given type used by the specific entity and all of its sub-entities in the hierarchy.


Encoding Type:  One-Hot
+----------------------------------------------------------------------------+
; State Machine - |WrapperULA|Control:ctrlMicro|State                        ;
+----------+----------+----------+----------+----------+----------+----------+
; Name     ; State.S5 ; State.S4 ; State.S3 ; State.S2 ; State.S1 ; State.S0 ;
+----------+----------+----------+----------+----------+----------+----------+
; State.S0 ; 0        ; 0        ; 0        ; 0        ; 0        ; 0        ;
; State.S1 ; 0        ; 0        ; 0        ; 0        ; 1        ; 1        ;
; State.S2 ; 0        ; 0        ; 0        ; 1        ; 0        ; 1        ;
; State.S3 ; 0        ; 0        ; 1        ; 0        ; 0        ; 1        ;
; State.S4 ; 0        ; 1        ; 0        ; 0        ; 0        ; 1        ;
; State.S5 ; 1        ; 0        ; 0        ; 0        ; 0        ; 1        ;
+----------+----------+----------+----------+----------+----------+----------+


+----------------------------------------------------------------------------------------------------+
; User-Specified and Inferred Latches                                                                ;
+-----------------------------------------------------+---------------------+------------------------+
; Latch Name                                          ; Latch Enable Signal ; Free of Timing Hazards ;
+-----------------------------------------------------+---------------------+------------------------+
; opB[1]                                              ; opB[0]              ; yes                    ;
; opB[0]                                              ; opB[0]              ; yes                    ;
; opB[3]                                              ; opB[0]              ; yes                    ;
; opB[2]                                              ; opB[0]              ; yes                    ;
; opA[1]                                              ; opB[0]              ; yes                    ;
; opA[0]                                              ; opB[0]              ; yes                    ;
; opA[3]                                              ; opB[0]              ; yes                    ;
; opA[2]                                              ; opB[0]              ; yes                    ;
; opC[0]                                              ; opC[1]              ; yes                    ;
; opC[1]                                              ; opC[1]              ; yes                    ;
; opC[2]                                              ; opC[1]              ; yes                    ;
; opC[3]                                              ; opC[1]              ; yes                    ;
; OpCode[0]                                           ; opC[1]              ; yes                    ;
; OpCode[1]                                           ; opC[1]              ; yes                    ;
; OpCode[2]                                           ; opC[1]              ; yes                    ;
; OpCode[3]                                           ; opC[1]              ; yes                    ;
; start                                               ; always0             ; yes                    ;
; Number of user-specified and inferred latches = 17  ;                     ;                        ;
+-----------------------------------------------------+---------------------+------------------------+
Note: All latches listed above may not be present at the end of synthesis due to various synthesis optimizations.


+--------------------------------------------------------------------------------+
; Registers Removed During Synthesis                                             ;
+---------------------------------------+----------------------------------------+
; Register name                         ; Reason for Removal                     ;
+---------------------------------------+----------------------------------------+
; Decoder:instdecode|OpALU[3]           ; Stuck at GND due to stuck port data_in ;
; Control:ctrlMicro|State~8             ; Lost fanout                            ;
; Control:ctrlMicro|State~9             ; Lost fanout                            ;
; Control:ctrlMicro|State~10            ; Lost fanout                            ;
; Total Number of Removed Registers = 4 ;                                        ;
+---------------------------------------+----------------------------------------+


+------------------------------------------------------+
; General Register Statistics                          ;
+----------------------------------------------+-------+
; Statistic                                    ; Value ;
+----------------------------------------------+-------+
; Total registers                              ; 332   ;
; Number of registers using Synchronous Clear  ; 1     ;
; Number of registers using Synchronous Load   ; 0     ;
; Number of registers using Asynchronous Clear ; 0     ;
; Number of registers using Asynchronous Load  ; 0     ;
; Number of registers using Clock Enable       ; 307   ;
; Number of registers using Preset             ; 0     ;
+----------------------------------------------+-------+


+----------------------------------------------------------------------------------------------------------------------------------------------------------------+
; Multiplexer Restructuring Statistics (Restructuring Performed)                                                                                                 ;
+--------------------+-----------+---------------+----------------------+------------------------+------------+--------------------------------------------------+
; Multiplexer Inputs ; Bus Width ; Baseline Area ; Area if Restructured ; Saving if Restructured ; Registered ; Example Multiplexer Output                       ;
+--------------------+-----------+---------------+----------------------+------------------------+------------+--------------------------------------------------+
; 8:1                ; 15 bits   ; 75 LEs        ; 45 LEs               ; 30 LEs                 ; Yes        ; |WrapperULA|ULA:modULA|Res[6]                    ;
; 4:1                ; 16 bits   ; 32 LEs        ; 16 LEs               ; 16 LEs                 ; Yes        ; |WrapperULA|RegisterBank:regBank|RegBank[15][3]  ;
; 4:1                ; 16 bits   ; 32 LEs        ; 16 LEs               ; 16 LEs                 ; Yes        ; |WrapperULA|RegisterBank:regBank|RegBank[14][3]  ;
; 4:1                ; 16 bits   ; 32 LEs        ; 16 LEs               ; 16 LEs                 ; Yes        ; |WrapperULA|RegisterBank:regBank|RegBank[13][3]  ;
; 4:1                ; 16 bits   ; 32 LEs        ; 16 LEs               ; 16 LEs                 ; Yes        ; |WrapperULA|RegisterBank:regBank|RegBank[12][9]  ;
; 4:1                ; 16 bits   ; 32 LEs        ; 16 LEs               ; 16 LEs                 ; Yes        ; |WrapperULA|RegisterBank:regBank|RegBank[11][14] ;
; 4:1                ; 16 bits   ; 32 LEs        ; 16 LEs               ; 16 LEs                 ; Yes        ; |WrapperULA|RegisterBank:regBank|RegBank[10][1]  ;
; 4:1                ; 16 bits   ; 32 LEs        ; 16 LEs               ; 16 LEs                 ; Yes        ; |WrapperULA|RegisterBank:regBank|RegBank[9][15]  ;
; 4:1                ; 16 bits   ; 32 LEs        ; 16 LEs               ; 16 LEs                 ; Yes        ; |WrapperULA|RegisterBank:regBank|RegBank[8][15]  ;
; 4:1                ; 16 bits   ; 32 LEs        ; 16 LEs               ; 16 LEs                 ; Yes        ; |WrapperULA|RegisterBank:regBank|RegBank[7][8]   ;
; 4:1                ; 16 bits   ; 32 LEs        ; 16 LEs               ; 16 LEs                 ; Yes        ; |WrapperULA|RegisterBank:regBank|RegBank[6][15]  ;
; 4:1                ; 16 bits   ; 32 LEs        ; 16 LEs               ; 16 LEs                 ; Yes        ; |WrapperULA|RegisterBank:regBank|RegBank[5][1]   ;
; 4:1                ; 16 bits   ; 32 LEs        ; 16 LEs               ; 16 LEs                 ; Yes        ; |WrapperULA|RegisterBank:regBank|RegBank[4][1]   ;
; 4:1                ; 16 bits   ; 32 LEs        ; 16 LEs               ; 16 LEs                 ; Yes        ; |WrapperULA|RegisterBank:regBank|RegBank[3][9]   ;
; 4:1                ; 16 bits   ; 32 LEs        ; 16 LEs               ; 16 LEs                 ; Yes        ; |WrapperULA|RegisterBank:regBank|RegBank[2][0]   ;
; 4:1                ; 16 bits   ; 32 LEs        ; 16 LEs               ; 16 LEs                 ; Yes        ; |WrapperULA|RegisterBank:regBank|RegBank[1][4]   ;
; 4:1                ; 16 bits   ; 32 LEs        ; 16 LEs               ; 16 LEs                 ; Yes        ; |WrapperULA|RegisterBank:regBank|RegBank[0][6]   ;
; 16:1               ; 16 bits   ; 160 LEs       ; 160 LEs              ; 0 LEs                  ; Yes        ; |WrapperULA|RegisterBank:regBank|RegB[11]        ;
; 16:1               ; 16 bits   ; 160 LEs       ; 160 LEs              ; 0 LEs                  ; Yes        ; |WrapperULA|RegisterBank:regBank|RegA[15]        ;
; 16:1               ; 4 bits    ; 40 LEs        ; 28 LEs               ; 12 LEs                 ; Yes        ; |WrapperULA|Decoder:instdecode|isImm             ;
+--------------------+-----------+---------------+----------------------+------------------------+------------+--------------------------------------------------+


+----------------------------------------------------------------+
; Parameter Settings for User Entity Instance: Control:ctrlMicro ;
+----------------+-------+---------------------------------------+
; Parameter Name ; Value ; Type                                  ;
+----------------+-------+---------------------------------------+
; S0             ; 000   ; Unsigned Binary                       ;
; S1             ; 001   ; Unsigned Binary                       ;
; S2             ; 010   ; Unsigned Binary                       ;
; S3             ; 011   ; Unsigned Binary                       ;
; S4             ; 100   ; Unsigned Binary                       ;
; S5             ; 101   ; Unsigned Binary                       ;
+----------------+-------+---------------------------------------+
Note: In order to hide this table in the UI and the text report file, please set the "Show Parameter Settings in Synthesis Report" option in "Analysis and Synthesis Settings -> More Settings" to "Off".


+-----------------------------------------------------------------+
; Parameter Settings for User Entity Instance: Decoder:instdecode ;
+----------------+-------+----------------------------------------+
; Parameter Name ; Value ; Type                                   ;
+----------------+-------+----------------------------------------+
; InsADD         ; 0000  ; Unsigned Binary                        ;
; InsSUB         ; 0001  ; Unsigned Binary                        ;
; InsSLTI        ; 0010  ; Unsigned Binary                        ;
; InsAND         ; 0011  ; Unsigned Binary                        ;
; InsOR          ; 0100  ; Unsigned Binary                        ;
; InsXOR         ; 0101  ; Unsigned Binary                        ;
; InsANDI        ; 0110  ; Unsigned Binary                        ;
; InsORI         ; 0111  ; Unsigned Binary                        ;
; InsXORI        ; 1000  ; Unsigned Binary                        ;
; InsADDI        ; 1001  ; Unsigned Binary                        ;
; InsSUBI        ; 1010  ; Unsigned Binary                        ;
; ALUADD         ; 0000  ; Unsigned Binary                        ;
; ALUSUB         ; 0001  ; Unsigned Binary                        ;
; ALUSLT         ; 0010  ; Unsigned Binary                        ;
; ALUAND         ; 0011  ; Unsigned Binary                        ;
; ALUOR          ; 0100  ; Unsigned Binary                        ;
; ALUXOR         ; 0101  ; Unsigned Binary                        ;
+----------------+-------+----------------------------------------+
Note: In order to hide this table in the UI and the text report file, please set the "Show Parameter Settings in Synthesis Report" option in "Analysis and Synthesis Settings -> More Settings" to "Off".


+---------------------------------------------------------+
; Parameter Settings for User Entity Instance: ULA:modULA ;
+----------------+-------+--------------------------------+
; Parameter Name ; Value ; Type                           ;
+----------------+-------+--------------------------------+
; InsADD         ; 0000  ; Unsigned Binary                ;
; InsSUB         ; 0001  ; Unsigned Binary                ;
; InsSLT         ; 0010  ; Unsigned Binary                ;
; InsAND         ; 0011  ; Unsigned Binary                ;
; InsOR          ; 0100  ; Unsigned Binary                ;
; InsXOR         ; 0101  ; Unsigned Binary                ;
+----------------+-------+--------------------------------+
Note: In order to hide this table in the UI and the text report file, please set the "Show Parameter Settings in Synthesis Report" option in "Analysis and Synthesis Settings -> More Settings" to "Off".


+--------------------------------------------------+
; Port Connectivity Checks: "Mux16bit2x1:muxOpImm" ;
+----------+-------+----------+--------------------+
; Port     ; Type  ; Severity ; Details            ;
+----------+-------+----------+--------------------+
; B[15..4] ; Input ; Info     ; Stuck at GND       ;
+----------+-------+----------+--------------------+


+------------------------------------------+
; Port Connectivity Checks: "Dec7Seg:hex4" ;
+------+-------+----------+----------------+
; Port ; Type  ; Severity ; Details        ;
+------+-------+----------+----------------+
; IDLE ; Input ; Info     ; Stuck at GND   ;
+------+-------+----------+----------------+


+------------------------------------------+
; Port Connectivity Checks: "Dec7Seg:hex0" ;
+------+-------+----------+----------------+
; Port ; Type  ; Severity ; Details        ;
+------+-------+----------+----------------+
; IDLE ; Input ; Info     ; Stuck at GND   ;
+------+-------+----------+----------------+


+-------------------------------+
; Elapsed Time Per Partition    ;
+----------------+--------------+
; Partition Name ; Elapsed Time ;
+----------------+--------------+
; Top            ; 00:00:00     ;
+----------------+--------------+


+-------------------------------+
; Analysis & Synthesis Messages ;
+-------------------------------+
Info: *******************************************************************
Info: Running Quartus II 64-Bit Analysis & Synthesis
    Info: Version 13.0.1 Build 232 06/12/2013 Service Pack 1 SJ Web Edition
    Info: Processing started: Thu Oct  5 11:10:13 2017
Info: Command: quartus_map --read_settings_files=on --write_settings_files=off WrapperULA -c WrapperULA
Warning (20028): Parallel compilation is not licensed and has been disabled
Info (12021): Found 1 design units, including 1 entities, in source file Microprocessor.v
    Info (12023): Found entity 1: Microprocessor
Info (12021): Found 1 design units, including 1 entities, in source file Mux16bit2x1.v
    Info (12023): Found entity 1: Mux16bit2x1
Info (12021): Found 1 design units, including 1 entities, in source file Decoder.v
    Info (12023): Found entity 1: Decoder
Info (12021): Found 1 design units, including 1 entities, in source file ULA.v
    Info (12023): Found entity 1: ULA
Info (12021): Found 1 design units, including 1 entities, in source file RegisterBank.v
    Info (12023): Found entity 1: RegisterBank
Info (12021): Found 1 design units, including 1 entities, in source file WrapperULA.v
    Info (12023): Found entity 1: WrapperULA
Info (12021): Found 1 design units, including 1 entities, in source file Dec7Seg.v
    Info (12023): Found entity 1: Dec7Seg
Info (12021): Found 1 design units, including 1 entities, in source file Control.v
    Info (12023): Found entity 1: Control
Info (12127): Elaborating entity "WrapperULA" for the top level hierarchy
Warning (10235): Verilog HDL Always Construct warning at WrapperULA.v(67): variable "SW11" is read inside the Always Construct but isn't in the Always Construct's Event Control
Warning (10235): Verilog HDL Always Construct warning at WrapperULA.v(67): variable "SW10" is read inside the Always Construct but isn't in the Always Construct's Event Control
Warning (10235): Verilog HDL Always Construct warning at WrapperULA.v(67): variable "SW9" is read inside the Always Construct but isn't in the Always Construct's Event Control
Warning (10235): Verilog HDL Always Construct warning at WrapperULA.v(67): variable "SW8" is read inside the Always Construct but isn't in the Always Construct's Event Control
Warning (10235): Verilog HDL Always Construct warning at WrapperULA.v(68): variable "SW7" is read inside the Always Construct but isn't in the Always Construct's Event Control
Warning (10235): Verilog HDL Always Construct warning at WrapperULA.v(68): variable "SW6" is read inside the Always Construct but isn't in the Always Construct's Event Control
Warning (10235): Verilog HDL Always Construct warning at WrapperULA.v(68): variable "SW5" is read inside the Always Construct but isn't in the Always Construct's Event Control
Warning (10235): Verilog HDL Always Construct warning at WrapperULA.v(68): variable "SW4" is read inside the Always Construct but isn't in the Always Construct's Event Control
Warning (10235): Verilog HDL Always Construct warning at WrapperULA.v(74): variable "ready" is read inside the Always Construct but isn't in the Always Construct's Event Control
Warning (10235): Verilog HDL Always Construct warning at WrapperULA.v(75): variable "SW15" is read inside the Always Construct but isn't in the Always Construct's Event Control
Warning (10235): Verilog HDL Always Construct warning at WrapperULA.v(75): variable "SW14" is read inside the Always Construct but isn't in the Always Construct's Event Control
Warning (10235): Verilog HDL Always Construct warning at WrapperULA.v(75): variable "SW13" is read inside the Always Construct but isn't in the Always Construct's Event Control
Warning (10235): Verilog HDL Always Construct warning at WrapperULA.v(75): variable "SW12" is read inside the Always Construct but isn't in the Always Construct's Event Control
Warning (10235): Verilog HDL Always Construct warning at WrapperULA.v(76): variable "SW11" is read inside the Always Construct but isn't in the Always Construct's Event Control
Warning (10235): Verilog HDL Always Construct warning at WrapperULA.v(76): variable "SW10" is read inside the Always Construct but isn't in the Always Construct's Event Control
Warning (10235): Verilog HDL Always Construct warning at WrapperULA.v(76): variable "SW9" is read inside the Always Construct but isn't in the Always Construct's Event Control
Warning (10235): Verilog HDL Always Construct warning at WrapperULA.v(76): variable "SW8" is read inside the Always Construct but isn't in the Always Construct's Event Control
Warning (10235): Verilog HDL Always Construct warning at WrapperULA.v(77): variable "SW7" is read inside the Always Construct but isn't in the Always Construct's Event Control
Warning (10235): Verilog HDL Always Construct warning at WrapperULA.v(77): variable "SW6" is read inside the Always Construct but isn't in the Always Construct's Event Control
Warning (10235): Verilog HDL Always Construct warning at WrapperULA.v(77): variable "SW5" is read inside the Always Construct but isn't in the Always Construct's Event Control
Warning (10235): Verilog HDL Always Construct warning at WrapperULA.v(77): variable "SW4" is read inside the Always Construct but isn't in the Always Construct's Event Control
Warning (10235): Verilog HDL Always Construct warning at WrapperULA.v(78): variable "SW3" is read inside the Always Construct but isn't in the Always Construct's Event Control
Warning (10235): Verilog HDL Always Construct warning at WrapperULA.v(78): variable "SW2" is read inside the Always Construct but isn't in the Always Construct's Event Control
Warning (10235): Verilog HDL Always Construct warning at WrapperULA.v(78): variable "SW1" is read inside the Always Construct but isn't in the Always Construct's Event Control
Warning (10235): Verilog HDL Always Construct warning at WrapperULA.v(78): variable "SW0" is read inside the Always Construct but isn't in the Always Construct's Event Control
Warning (10240): Verilog HDL Always Construct warning at WrapperULA.v(64): inferring latch(es) for variable "opA", which holds its previous value in one or more paths through the always construct
Warning (10240): Verilog HDL Always Construct warning at WrapperULA.v(64): inferring latch(es) for variable "opB", which holds its previous value in one or more paths through the always construct
Warning (10240): Verilog HDL Always Construct warning at WrapperULA.v(64): inferring latch(es) for variable "OpCode", which holds its previous value in one or more paths through the always construct
Warning (10240): Verilog HDL Always Construct warning at WrapperULA.v(64): inferring latch(es) for variable "opC", which holds its previous value in one or more paths through the always construct
Warning (10240): Verilog HDL Always Construct warning at WrapperULA.v(64): inferring latch(es) for variable "start", which holds its previous value in one or more paths through the always construct
Info (10041): Inferred latch for "opC[0]" at WrapperULA.v(64)
Info (10041): Inferred latch for "opC[1]" at WrapperULA.v(64)
Info (10041): Inferred latch for "opC[2]" at WrapperULA.v(64)
Info (10041): Inferred latch for "opC[3]" at WrapperULA.v(64)
Info (10041): Inferred latch for "OpCode[0]" at WrapperULA.v(64)
Info (10041): Inferred latch for "OpCode[1]" at WrapperULA.v(64)
Info (10041): Inferred latch for "OpCode[2]" at WrapperULA.v(64)
Info (10041): Inferred latch for "OpCode[3]" at WrapperULA.v(64)
Info (10041): Inferred latch for "start" at WrapperULA.v(72)
Info (10041): Inferred latch for "opB[0]" at WrapperULA.v(72)
Info (10041): Inferred latch for "opB[1]" at WrapperULA.v(72)
Info (10041): Inferred latch for "opB[2]" at WrapperULA.v(72)
Info (10041): Inferred latch for "opB[3]" at WrapperULA.v(72)
Info (10041): Inferred latch for "opA[0]" at WrapperULA.v(72)
Info (10041): Inferred latch for "opA[1]" at WrapperULA.v(72)
Info (10041): Inferred latch for "opA[2]" at WrapperULA.v(72)
Info (10041): Inferred latch for "opA[3]" at WrapperULA.v(72)
Info (12128): Elaborating entity "Dec7Seg" for hierarchy "Dec7Seg:hex0"
Warning (10235): Verilog HDL Always Construct warning at Dec7Seg.v(14): variable "IDLE" is read inside the Always Construct but isn't in the Always Construct's Event Control
Info (12128): Elaborating entity "Control" for hierarchy "Control:ctrlMicro"
Info (12128): Elaborating entity "Decoder" for hierarchy "Decoder:instdecode"
Info (12128): Elaborating entity "Mux16bit2x1" for hierarchy "Mux16bit2x1:muxOpImm"
Info (12128): Elaborating entity "RegisterBank" for hierarchy "RegisterBank:regBank"
Info (12128): Elaborating entity "ULA" for hierarchy "ULA:modULA"
Warning (13012): Latch opA[1] has unsafe behavior
    Warning (13013): Ports D and ENA on the latch are fed by the same signal KEY0
Warning (13012): Latch opA[0] has unsafe behavior
    Warning (13013): Ports D and ENA on the latch are fed by the same signal KEY0
Warning (13012): Latch opA[3] has unsafe behavior
    Warning (13013): Ports D and ENA on the latch are fed by the same signal KEY0
Warning (13012): Latch opA[2] has unsafe behavior
    Warning (13013): Ports D and ENA on the latch are fed by the same signal KEY0
Info (17049): 3 registers lost all their fanouts during netlist optimizations.
Info (144001): Generated suppressed messages file /home/iuri/Dropbox/Trabalho Arquitetura de Computadores/WrapperULA/output_files/WrapperULA.map.smsg
Info (16010): Generating hard_block partition "hard_block:auto_generated_inst"
    Info (16011): Adding 0 node(s), including 0 DDIO, 0 PLL, 0 transceiver and 0 LCELL
Info (21057): Implemented 944 device resources after synthesis - the final resource count might be different
    Info (21058): Implemented 21 input pins
    Info (21059): Implemented 56 output pins
    Info (21061): Implemented 867 logic cells
Info: Quartus II 64-Bit Analysis & Synthesis was successful. 0 errors, 40 warnings
    Info: Peak virtual memory: 608 megabytes
    Info: Processing ended: Thu Oct  5 11:10:15 2017
    Info: Elapsed time: 00:00:02
    Info: Total CPU time (on all processors): 00:00:02


+------------------------------------------+
; Analysis & Synthesis Suppressed Messages ;
+------------------------------------------+
The suppressed messages can be found in /home/iuri/Dropbox/Trabalho Arquitetura de Computadores/WrapperULA/output_files/WrapperULA.map.smsg.


