Analysis & Synthesis report for Microprocessor
Thu Nov 23 15:45:11 2017
Quartus Prime Version 17.1.0 Build 590 10/25/2017 SJ Lite Edition


---------------------
; Table of Contents ;
---------------------
  1. Legal Notice
  2. Analysis & Synthesis Summary
  3. Analysis & Synthesis Settings
  4. Parallel Compilation
  5. Analysis & Synthesis Source Files Read
  6. Analysis & Synthesis Resource Usage Summary
  7. Analysis & Synthesis Resource Utilization by Entity
  8. Analysis & Synthesis IP Cores Summary
  9. State Machine - |Microprocessor|Control:ctrl|WriteBackState
 10. State Machine - |Microprocessor|Control:ctrl|ExecutionState
 11. State Machine - |Microprocessor|Control:ctrl|DecodeState
 12. Registers Removed During Synthesis
 13. General Register Statistics
 14. Source assignments for InstrMemory:instrMemory|altsyncram:altsyncram_component|altsyncram_qu81:auto_generated
 15. Parameter Settings for User Entity Instance: InstrMemory:instrMemory|altsyncram:altsyncram_component
 16. Parameter Settings for User Entity Instance: Decoder:instdecode
 17. Parameter Settings for User Entity Instance: ULA:modULA
 18. Parameter Settings for User Entity Instance: Control:ctrl
 19. altsyncram Parameter Settings by Entity Instance
 20. Port Connectivity Checks: "ULA:modULA"
 21. Port Connectivity Checks: "Mux16bit2x1:muxOpImm"
 22. Port Connectivity Checks: "Decoder:instdecode"
 23. Post-Synthesis Netlist Statistics for Top Partition
 24. Elapsed Time Per Partition
 25. Analysis & Synthesis Messages
 26. Analysis & Synthesis Suppressed Messages



----------------
; Legal Notice ;
----------------
Copyright (C) 2017  Intel Corporation. All rights reserved.
Your use of Intel Corporation's design tools, logic functions 
and other software and tools, and its AMPP partner logic 
functions, and any output files from any of the foregoing 
(including device programming or simulation files), and any 
associated documentation or information are expressly subject 
to the terms and conditions of the Intel Program License 
Subscription Agreement, the Intel Quartus Prime License Agreement,
the Intel FPGA IP License Agreement, or other applicable license
agreement, including, without limitation, that your use is for
the sole purpose of programming logic devices manufactured by
Intel and sold by Intel or its authorized distributors.  Please
refer to the applicable agreement for further details.



+----------------------------------------------------------------------------------+
; Analysis & Synthesis Summary                                                     ;
+------------------------------------+---------------------------------------------+
; Analysis & Synthesis Status        ; Successful - Thu Nov 23 15:45:11 2017       ;
; Quartus Prime Version              ; 17.1.0 Build 590 10/25/2017 SJ Lite Edition ;
; Revision Name                      ; Microprocessor                              ;
; Top-level Entity Name              ; Microprocessor                              ;
; Family                             ; Cyclone IV E                                ;
; Total logic elements               ; 0                                           ;
;     Total combinational functions  ; 0                                           ;
;     Dedicated logic registers      ; 0                                           ;
; Total registers                    ; 0                                           ;
; Total pins                         ; 2                                           ;
; Total virtual pins                 ; 0                                           ;
; Total memory bits                  ; 0                                           ;
; Embedded Multiplier 9-bit elements ; 0                                           ;
; Total PLLs                         ; 0                                           ;
+------------------------------------+---------------------------------------------+


+----------------------------------------------------------------------------------------------------------------------+
; Analysis & Synthesis Settings                                                                                        ;
+----------------------------------------------------------------------------+--------------------+--------------------+
; Option                                                                     ; Setting            ; Default Value      ;
+----------------------------------------------------------------------------+--------------------+--------------------+
; Top-level entity name                                                      ; Microprocessor     ; Microprocessor     ;
; Family name                                                                ; Cyclone IV E       ; Cyclone V          ;
; Use smart compilation                                                      ; Off                ; Off                ;
; Enable parallel Assembler and TimeQuest Timing Analyzer during compilation ; On                 ; On                 ;
; Enable compact report table                                                ; Off                ; Off                ;
; Restructure Multiplexers                                                   ; Auto               ; Auto               ;
; Create Debugging Nodes for IP Cores                                        ; Off                ; Off                ;
; Preserve fewer node names                                                  ; On                 ; On                 ;
; Intel FPGA IP Evaluation Mode                                              ; Enable             ; Enable             ;
; Verilog Version                                                            ; Verilog_2001       ; Verilog_2001       ;
; VHDL Version                                                               ; VHDL_1993          ; VHDL_1993          ;
; State Machine Processing                                                   ; Auto               ; Auto               ;
; Safe State Machine                                                         ; Off                ; Off                ;
; Extract Verilog State Machines                                             ; On                 ; On                 ;
; Extract VHDL State Machines                                                ; On                 ; On                 ;
; Ignore Verilog initial constructs                                          ; Off                ; Off                ;
; Iteration limit for constant Verilog loops                                 ; 5000               ; 5000               ;
; Iteration limit for non-constant Verilog loops                             ; 250                ; 250                ;
; Add Pass-Through Logic to Inferred RAMs                                    ; On                 ; On                 ;
; Infer RAMs from Raw Logic                                                  ; On                 ; On                 ;
; Parallel Synthesis                                                         ; On                 ; On                 ;
; DSP Block Balancing                                                        ; Auto               ; Auto               ;
; NOT Gate Push-Back                                                         ; On                 ; On                 ;
; Power-Up Don't Care                                                        ; On                 ; On                 ;
; Remove Redundant Logic Cells                                               ; Off                ; Off                ;
; Remove Duplicate Registers                                                 ; On                 ; On                 ;
; Ignore CARRY Buffers                                                       ; Off                ; Off                ;
; Ignore CASCADE Buffers                                                     ; Off                ; Off                ;
; Ignore GLOBAL Buffers                                                      ; Off                ; Off                ;
; Ignore ROW GLOBAL Buffers                                                  ; Off                ; Off                ;
; Ignore LCELL Buffers                                                       ; Off                ; Off                ;
; Ignore SOFT Buffers                                                        ; On                 ; On                 ;
; Limit AHDL Integers to 32 Bits                                             ; Off                ; Off                ;
; Optimization Technique                                                     ; Balanced           ; Balanced           ;
; Carry Chain Length                                                         ; 70                 ; 70                 ;
; Auto Carry Chains                                                          ; On                 ; On                 ;
; Auto Open-Drain Pins                                                       ; On                 ; On                 ;
; Perform WYSIWYG Primitive Resynthesis                                      ; Off                ; Off                ;
; Auto ROM Replacement                                                       ; On                 ; On                 ;
; Auto RAM Replacement                                                       ; On                 ; On                 ;
; Auto DSP Block Replacement                                                 ; On                 ; On                 ;
; Auto Shift Register Replacement                                            ; Auto               ; Auto               ;
; Allow Shift Register Merging across Hierarchies                            ; Auto               ; Auto               ;
; Auto Clock Enable Replacement                                              ; On                 ; On                 ;
; Strict RAM Replacement                                                     ; Off                ; Off                ;
; Allow Synchronous Control Signals                                          ; On                 ; On                 ;
; Force Use of Synchronous Clear Signals                                     ; Off                ; Off                ;
; Auto RAM Block Balancing                                                   ; On                 ; On                 ;
; Auto RAM to Logic Cell Conversion                                          ; Off                ; Off                ;
; Auto Resource Sharing                                                      ; Off                ; Off                ;
; Allow Any RAM Size For Recognition                                         ; Off                ; Off                ;
; Allow Any ROM Size For Recognition                                         ; Off                ; Off                ;
; Allow Any Shift Register Size For Recognition                              ; Off                ; Off                ;
; Use LogicLock Constraints during Resource Balancing                        ; On                 ; On                 ;
; Ignore translate_off and synthesis_off directives                          ; Off                ; Off                ;
; Timing-Driven Synthesis                                                    ; On                 ; On                 ;
; Report Parameter Settings                                                  ; On                 ; On                 ;
; Report Source Assignments                                                  ; On                 ; On                 ;
; Report Connectivity Checks                                                 ; On                 ; On                 ;
; Ignore Maximum Fan-Out Assignments                                         ; Off                ; Off                ;
; Synchronization Register Chain Length                                      ; 2                  ; 2                  ;
; Power Optimization During Synthesis                                        ; Normal compilation ; Normal compilation ;
; HDL message level                                                          ; Level2             ; Level2             ;
; Suppress Register Optimization Related Messages                            ; Off                ; Off                ;
; Number of Removed Registers Reported in Synthesis Report                   ; 5000               ; 5000               ;
; Number of Swept Nodes Reported in Synthesis Report                         ; 5000               ; 5000               ;
; Number of Inverted Registers Reported in Synthesis Report                  ; 100                ; 100                ;
; Clock MUX Protection                                                       ; On                 ; On                 ;
; Auto Gated Clock Conversion                                                ; Off                ; Off                ;
; Block Design Naming                                                        ; Auto               ; Auto               ;
; SDC constraint protection                                                  ; Off                ; Off                ;
; Synthesis Effort                                                           ; Auto               ; Auto               ;
; Shift Register Replacement - Allow Asynchronous Clear Signal               ; On                 ; On                 ;
; Pre-Mapping Resynthesis Optimization                                       ; Off                ; Off                ;
; Analysis & Synthesis Message Level                                         ; Medium             ; Medium             ;
; Disable Register Merging Across Hierarchies                                ; Auto               ; Auto               ;
; Resource Aware Inference For Block RAM                                     ; On                 ; On                 ;
+----------------------------------------------------------------------------+--------------------+--------------------+


+------------------------------------------+
; Parallel Compilation                     ;
+----------------------------+-------------+
; Processors                 ; Number      ;
+----------------------------+-------------+
; Number detected on machine ; 4           ;
; Maximum allowed            ; 2           ;
;                            ;             ;
; Average used               ; 1.00        ;
; Maximum used               ; 1           ;
;                            ;             ;
; Usage by Processor         ; % Time Used ;
;     Processor 1            ; 100.0%      ;
+----------------------------+-------------+


+---------------------------------------------------------------------------------------------------------------------------------------------------------------------------------+
; Analysis & Synthesis Source Files Read                                                                                                                                          ;
+----------------------------------+-----------------+----------------------------------+-------------------------------------------------------------------------------+---------+
; File Name with User-Entered Path ; Used in Netlist ; File Type                        ; File Name with Absolute Path                                                  ; Library ;
+----------------------------------+-----------------+----------------------------------+-------------------------------------------------------------------------------+---------+
; Mux16bit2x1.v                    ; yes             ; User Verilog HDL File            ; /home/iuri/Projects/altera/Microprocessor_v17_pipeline/Mux16bit2x1.v          ;         ;
; Decoder.v                        ; yes             ; User Verilog HDL File            ; /home/iuri/Projects/altera/Microprocessor_v17_pipeline/Decoder.v              ;         ;
; ULA.v                            ; yes             ; User Verilog HDL File            ; /home/iuri/Projects/altera/Microprocessor_v17_pipeline/ULA.v                  ;         ;
; Control.v                        ; yes             ; User Verilog HDL File            ; /home/iuri/Projects/altera/Microprocessor_v17_pipeline/Control.v              ;         ;
; RegisterBank.v                   ; yes             ; User Verilog HDL File            ; /home/iuri/Projects/altera/Microprocessor_v17_pipeline/RegisterBank.v         ;         ;
; MemoryInitFile.mif               ; yes             ; User Memory Initialization File  ; /home/iuri/Projects/altera/Microprocessor_v17_pipeline/MemoryInitFile.mif     ;         ;
; InstrMemory.v                    ; yes             ; User Wizard-Generated File       ; /home/iuri/Projects/altera/Microprocessor_v17_pipeline/InstrMemory.v          ;         ;
; Microprocessor.v                 ; yes             ; User Verilog HDL File            ; /home/iuri/Projects/altera/Microprocessor_v17_pipeline/Microprocessor.v       ;         ;
; altsyncram.tdf                   ; yes             ; Megafunction                     ; /home/iuri/altera/17.1/quartus/libraries/megafunctions/altsyncram.tdf         ;         ;
; stratix_ram_block.inc            ; yes             ; Megafunction                     ; /home/iuri/altera/17.1/quartus/libraries/megafunctions/stratix_ram_block.inc  ;         ;
; lpm_mux.inc                      ; yes             ; Megafunction                     ; /home/iuri/altera/17.1/quartus/libraries/megafunctions/lpm_mux.inc            ;         ;
; lpm_decode.inc                   ; yes             ; Megafunction                     ; /home/iuri/altera/17.1/quartus/libraries/megafunctions/lpm_decode.inc         ;         ;
; aglobal171.inc                   ; yes             ; Megafunction                     ; /home/iuri/altera/17.1/quartus/libraries/megafunctions/aglobal171.inc         ;         ;
; a_rdenreg.inc                    ; yes             ; Megafunction                     ; /home/iuri/altera/17.1/quartus/libraries/megafunctions/a_rdenreg.inc          ;         ;
; altrom.inc                       ; yes             ; Megafunction                     ; /home/iuri/altera/17.1/quartus/libraries/megafunctions/altrom.inc             ;         ;
; altram.inc                       ; yes             ; Megafunction                     ; /home/iuri/altera/17.1/quartus/libraries/megafunctions/altram.inc             ;         ;
; altdpram.inc                     ; yes             ; Megafunction                     ; /home/iuri/altera/17.1/quartus/libraries/megafunctions/altdpram.inc           ;         ;
; db/altsyncram_qu81.tdf           ; yes             ; Auto-Generated Megafunction      ; /home/iuri/Projects/altera/Microprocessor_v17_pipeline/db/altsyncram_qu81.tdf ;         ;
+----------------------------------+-----------------+----------------------------------+-------------------------------------------------------------------------------+---------+


+-----------------------------------------------------+
; Analysis & Synthesis Resource Usage Summary         ;
+---------------------------------------------+-------+
; Resource                                    ; Usage ;
+---------------------------------------------+-------+
;                                             ;       ;
; Total combinational functions               ; 0     ;
; Logic element usage by number of LUT inputs ;       ;
;     -- 4 input functions                    ; 0     ;
;     -- 3 input functions                    ; 0     ;
;     -- <=2 input functions                  ; 0     ;
;                                             ;       ;
; Logic elements by mode                      ;       ;
;     -- normal mode                          ; 0     ;
;     -- arithmetic mode                      ; 0     ;
;                                             ;       ;
; Total registers                             ; 0     ;
;     -- Dedicated logic registers            ; 0     ;
;     -- I/O registers                        ; 0     ;
;                                             ;       ;
; I/O pins                                    ; 2     ;
;                                             ;       ;
; Embedded Multiplier 9-bit elements          ; 0     ;
;                                             ;       ;
; Maximum fan-out node                        ; RST   ;
; Maximum fan-out                             ; 1     ;
; Total fan-out                               ; 2     ;
; Average fan-out                             ; 0.50  ;
+---------------------------------------------+-------+


+-------------------------------------------------------------------------------------------------------------------------------------------------------------------------------------------------------------+
; Analysis & Synthesis Resource Utilization by Entity                                                                                                                                                         ;
+----------------------------+---------------------+---------------------------+-------------+--------------+---------+-----------+------+--------------+---------------------+----------------+--------------+
; Compilation Hierarchy Node ; Combinational ALUTs ; Dedicated Logic Registers ; Memory Bits ; DSP Elements ; DSP 9x9 ; DSP 18x18 ; Pins ; Virtual Pins ; Full Hierarchy Name ; Entity Name    ; Library Name ;
+----------------------------+---------------------+---------------------------+-------------+--------------+---------+-----------+------+--------------+---------------------+----------------+--------------+
; |Microprocessor            ; 0 (0)               ; 0 (0)                     ; 0           ; 0            ; 0       ; 0         ; 2    ; 0            ; |Microprocessor     ; Microprocessor ; work         ;
+----------------------------+---------------------+---------------------------+-------------+--------------+---------+-----------+------+--------------+---------------------+----------------+--------------+
Note: For table entries with two numbers listed, the numbers in parentheses indicate the number of resources of the given type used by the specific entity alone. The numbers listed outside of parentheses indicate the total resources of the given type used by the specific entity and all of its sub-entities in the hierarchy.


+---------------------------------------------------------------------------------------------------------------------------+
; Analysis & Synthesis IP Cores Summary                                                                                     ;
+--------+--------------+---------+--------------+--------------+-----------------------------------------+-----------------+
; Vendor ; IP Core Name ; Version ; Release Date ; License Type ; Entity Instance                         ; IP Include File ;
+--------+--------------+---------+--------------+--------------+-----------------------------------------+-----------------+
; Altera ; ROM: 1-PORT  ; 13.0    ; N/A          ; N/A          ; |Microprocessor|InstrMemory:instrMemory ; InstrMemory.v   ;
+--------+--------------+---------+--------------+--------------+-----------------------------------------+-----------------+


Encoding Type:  One-Hot
+-----------------------------------------------------------------------------------+
; State Machine - |Microprocessor|Control:ctrl|WriteBackState                       ;
+--------------------+--------------------+--------------------+--------------------+
; Name               ; WriteBackState.WB0 ; WriteBackState.WB2 ; WriteBackState.WB1 ;
+--------------------+--------------------+--------------------+--------------------+
; WriteBackState.WB0 ; 0                  ; 0                  ; 0                  ;
; WriteBackState.WB1 ; 1                  ; 0                  ; 1                  ;
; WriteBackState.WB2 ; 1                  ; 1                  ; 0                  ;
+--------------------+--------------------+--------------------+--------------------+


Encoding Type:  One-Hot
+---------------------------------------------------------------------------------------+
; State Machine - |Microprocessor|Control:ctrl|ExecutionState                           ;
+---------------------+---------------------+---------------------+---------------------+
; Name                ; ExecutionState.EXE0 ; ExecutionState.EXE2 ; ExecutionState.EXE1 ;
+---------------------+---------------------+---------------------+---------------------+
; ExecutionState.EXE0 ; 0                   ; 0                   ; 0                   ;
; ExecutionState.EXE1 ; 1                   ; 0                   ; 1                   ;
; ExecutionState.EXE2 ; 1                   ; 1                   ; 0                   ;
+---------------------+---------------------+---------------------+---------------------+


Encoding Type:  One-Hot
+---------------------------------------------------------------------------+
; State Machine - |Microprocessor|Control:ctrl|DecodeState                  ;
+------------------+------------------+------------------+------------------+
; Name             ; DecodeState.DEC0 ; DecodeState.DEC2 ; DecodeState.DEC1 ;
+------------------+------------------+------------------+------------------+
; DecodeState.DEC0 ; 0                ; 0                ; 0                ;
; DecodeState.DEC1 ; 1                ; 0                ; 1                ;
; DecodeState.DEC2 ; 1                ; 1                ; 0                ;
+------------------+------------------+------------------+------------------+


+-------------------------------------------------------------+
; Registers Removed During Synthesis                          ;
+----------------------------------------+--------------------+
; Register name                          ; Reason for Removal ;
+----------------------------------------+--------------------+
; PC[0..15]                              ; Lost fanout        ;
; Control:ctrl|WriteBackState.WB1        ; Lost fanout        ;
; Control:ctrl|WriteBackState.WB2        ; Lost fanout        ;
; Control:ctrl|WriteBackState.WB0        ; Lost fanout        ;
; Control:ctrl|ExecutionState.EXE1       ; Lost fanout        ;
; Control:ctrl|ExecutionState.EXE2       ; Lost fanout        ;
; Control:ctrl|ExecutionState.EXE0       ; Lost fanout        ;
; Control:ctrl|DecodeState.DEC1          ; Lost fanout        ;
; Control:ctrl|DecodeState.DEC2          ; Lost fanout        ;
; Control:ctrl|DecodeState.DEC0          ; Lost fanout        ;
; Total Number of Removed Registers = 25 ;                    ;
+----------------------------------------+--------------------+


+------------------------------------------------------+
; General Register Statistics                          ;
+----------------------------------------------+-------+
; Statistic                                    ; Value ;
+----------------------------------------------+-------+
; Total registers                              ; 0     ;
; Number of registers using Synchronous Clear  ; 0     ;
; Number of registers using Synchronous Load   ; 0     ;
; Number of registers using Asynchronous Clear ; 0     ;
; Number of registers using Asynchronous Load  ; 0     ;
; Number of registers using Clock Enable       ; 0     ;
; Number of registers using Preset             ; 0     ;
+----------------------------------------------+-------+


+---------------------------------------------------------------------------------------------------------------+
; Source assignments for InstrMemory:instrMemory|altsyncram:altsyncram_component|altsyncram_qu81:auto_generated ;
+---------------------------------+--------------------+------+-------------------------------------------------+
; Assignment                      ; Value              ; From ; To                                              ;
+---------------------------------+--------------------+------+-------------------------------------------------+
; OPTIMIZE_POWER_DURING_SYNTHESIS ; NORMAL_COMPILATION ; -    ; -                                               ;
+---------------------------------+--------------------+------+-------------------------------------------------+


+------------------------------------------------------------------------------------------------------+
; Parameter Settings for User Entity Instance: InstrMemory:instrMemory|altsyncram:altsyncram_component ;
+------------------------------------+----------------------+------------------------------------------+
; Parameter Name                     ; Value                ; Type                                     ;
+------------------------------------+----------------------+------------------------------------------+
; BYTE_SIZE_BLOCK                    ; 8                    ; Untyped                                  ;
; AUTO_CARRY_CHAINS                  ; ON                   ; AUTO_CARRY                               ;
; IGNORE_CARRY_BUFFERS               ; OFF                  ; IGNORE_CARRY                             ;
; AUTO_CASCADE_CHAINS                ; ON                   ; AUTO_CASCADE                             ;
; IGNORE_CASCADE_BUFFERS             ; OFF                  ; IGNORE_CASCADE                           ;
; WIDTH_BYTEENA                      ; 1                    ; Untyped                                  ;
; OPERATION_MODE                     ; ROM                  ; Untyped                                  ;
; WIDTH_A                            ; 16                   ; Signed Integer                           ;
; WIDTHAD_A                          ; 12                   ; Signed Integer                           ;
; NUMWORDS_A                         ; 4096                 ; Signed Integer                           ;
; OUTDATA_REG_A                      ; UNREGISTERED         ; Untyped                                  ;
; ADDRESS_ACLR_A                     ; NONE                 ; Untyped                                  ;
; OUTDATA_ACLR_A                     ; NONE                 ; Untyped                                  ;
; WRCONTROL_ACLR_A                   ; NONE                 ; Untyped                                  ;
; INDATA_ACLR_A                      ; NONE                 ; Untyped                                  ;
; BYTEENA_ACLR_A                     ; NONE                 ; Untyped                                  ;
; WIDTH_B                            ; 1                    ; Untyped                                  ;
; WIDTHAD_B                          ; 1                    ; Untyped                                  ;
; NUMWORDS_B                         ; 1                    ; Untyped                                  ;
; INDATA_REG_B                       ; CLOCK1               ; Untyped                                  ;
; WRCONTROL_WRADDRESS_REG_B          ; CLOCK1               ; Untyped                                  ;
; RDCONTROL_REG_B                    ; CLOCK1               ; Untyped                                  ;
; ADDRESS_REG_B                      ; CLOCK1               ; Untyped                                  ;
; OUTDATA_REG_B                      ; UNREGISTERED         ; Untyped                                  ;
; BYTEENA_REG_B                      ; CLOCK1               ; Untyped                                  ;
; INDATA_ACLR_B                      ; NONE                 ; Untyped                                  ;
; WRCONTROL_ACLR_B                   ; NONE                 ; Untyped                                  ;
; ADDRESS_ACLR_B                     ; NONE                 ; Untyped                                  ;
; OUTDATA_ACLR_B                     ; NONE                 ; Untyped                                  ;
; RDCONTROL_ACLR_B                   ; NONE                 ; Untyped                                  ;
; BYTEENA_ACLR_B                     ; NONE                 ; Untyped                                  ;
; WIDTH_BYTEENA_A                    ; 1                    ; Signed Integer                           ;
; WIDTH_BYTEENA_B                    ; 1                    ; Untyped                                  ;
; RAM_BLOCK_TYPE                     ; AUTO                 ; Untyped                                  ;
; BYTE_SIZE                          ; 8                    ; Untyped                                  ;
; READ_DURING_WRITE_MODE_MIXED_PORTS ; DONT_CARE            ; Untyped                                  ;
; READ_DURING_WRITE_MODE_PORT_A      ; NEW_DATA_NO_NBE_READ ; Untyped                                  ;
; READ_DURING_WRITE_MODE_PORT_B      ; NEW_DATA_NO_NBE_READ ; Untyped                                  ;
; INIT_FILE                          ; MemoryInitFile.mif   ; Untyped                                  ;
; INIT_FILE_LAYOUT                   ; PORT_A               ; Untyped                                  ;
; MAXIMUM_DEPTH                      ; 0                    ; Untyped                                  ;
; CLOCK_ENABLE_INPUT_A               ; BYPASS               ; Untyped                                  ;
; CLOCK_ENABLE_INPUT_B               ; NORMAL               ; Untyped                                  ;
; CLOCK_ENABLE_OUTPUT_A              ; BYPASS               ; Untyped                                  ;
; CLOCK_ENABLE_OUTPUT_B              ; NORMAL               ; Untyped                                  ;
; CLOCK_ENABLE_CORE_A                ; USE_INPUT_CLKEN      ; Untyped                                  ;
; CLOCK_ENABLE_CORE_B                ; USE_INPUT_CLKEN      ; Untyped                                  ;
; ENABLE_ECC                         ; FALSE                ; Untyped                                  ;
; ECC_PIPELINE_STAGE_ENABLED         ; FALSE                ; Untyped                                  ;
; WIDTH_ECCSTATUS                    ; 3                    ; Untyped                                  ;
; DEVICE_FAMILY                      ; Cyclone IV E         ; Untyped                                  ;
; CBXI_PARAMETER                     ; altsyncram_qu81      ; Untyped                                  ;
+------------------------------------+----------------------+------------------------------------------+
Note: In order to hide this table in the UI and the text report file, please set the "Show Parameter Settings in Synthesis Report" option in "Analysis and Synthesis Settings -> More Settings" to "Off".


+-----------------------------------------------------------------+
; Parameter Settings for User Entity Instance: Decoder:instdecode ;
+----------------+-------+----------------------------------------+
; Parameter Name ; Value ; Type                                   ;
+----------------+-------+----------------------------------------+
; InsADD         ; 0000  ; Unsigned Binary                        ;
; InsSUB         ; 0001  ; Unsigned Binary                        ;
; InsSLTI        ; 0010  ; Unsigned Binary                        ;
; InsAND         ; 0011  ; Unsigned Binary                        ;
; InsOR          ; 0100  ; Unsigned Binary                        ;
; InsXOR         ; 0101  ; Unsigned Binary                        ;
; InsANDI        ; 0110  ; Unsigned Binary                        ;
; InsORI         ; 0111  ; Unsigned Binary                        ;
; InsXORI        ; 1000  ; Unsigned Binary                        ;
; InsADDI        ; 1001  ; Unsigned Binary                        ;
; InsSUBI        ; 1010  ; Unsigned Binary                        ;
; InsJ           ; 1011  ; Unsigned Binary                        ;
; InsBEZ         ; 1100  ; Unsigned Binary                        ;
; InsMUL         ; 1101  ; Unsigned Binary                        ;
; InsGHI         ; 1110  ; Unsigned Binary                        ;
; InsGLO         ; 1111  ; Unsigned Binary                        ;
; ULAADD         ; 0000  ; Unsigned Binary                        ;
; ULASUB         ; 0001  ; Unsigned Binary                        ;
; ULASLT         ; 0010  ; Unsigned Binary                        ;
; ULAAND         ; 0011  ; Unsigned Binary                        ;
; ULAOR          ; 0100  ; Unsigned Binary                        ;
; ULAXOR         ; 0101  ; Unsigned Binary                        ;
; ULABEZ         ; 0110  ; Unsigned Binary                        ;
; ULANOP         ; 0111  ; Unsigned Binary                        ;
+----------------+-------+----------------------------------------+
Note: In order to hide this table in the UI and the text report file, please set the "Show Parameter Settings in Synthesis Report" option in "Analysis and Synthesis Settings -> More Settings" to "Off".


+---------------------------------------------------------+
; Parameter Settings for User Entity Instance: ULA:modULA ;
+----------------+-------+--------------------------------+
; Parameter Name ; Value ; Type                           ;
+----------------+-------+--------------------------------+
; InsADD         ; 0000  ; Unsigned Binary                ;
; InsSUB         ; 0001  ; Unsigned Binary                ;
; InsSLT         ; 0010  ; Unsigned Binary                ;
; InsAND         ; 0011  ; Unsigned Binary                ;
; InsOR          ; 0100  ; Unsigned Binary                ;
; InsXOR         ; 0101  ; Unsigned Binary                ;
; InsBEZ         ; 0110  ; Unsigned Binary                ;
; InsNOP         ; 0111  ; Unsigned Binary                ;
; OverflowFlag   ; 0     ; Signed Integer                 ;
; NegFlag        ; 1     ; Signed Integer                 ;
; ZeroFlag       ; 2     ; Signed Integer                 ;
+----------------+-------+--------------------------------+
Note: In order to hide this table in the UI and the text report file, please set the "Show Parameter Settings in Synthesis Report" option in "Analysis and Synthesis Settings -> More Settings" to "Off".


+-----------------------------------------------------------+
; Parameter Settings for User Entity Instance: Control:ctrl ;
+----------------+-------+----------------------------------+
; Parameter Name ; Value ; Type                             ;
+----------------+-------+----------------------------------+
; DEC0           ; 00    ; Unsigned Binary                  ;
; DEC1           ; 01    ; Unsigned Binary                  ;
; DEC2           ; 10    ; Unsigned Binary                  ;
; EXE0           ; 00    ; Unsigned Binary                  ;
; EXE1           ; 01    ; Unsigned Binary                  ;
; EXE2           ; 10    ; Unsigned Binary                  ;
; WB0            ; 00    ; Unsigned Binary                  ;
; WB1            ; 01    ; Unsigned Binary                  ;
; WB2            ; 10    ; Unsigned Binary                  ;
; InsADD         ; 0000  ; Unsigned Binary                  ;
; InsSUB         ; 0001  ; Unsigned Binary                  ;
; InsSLTI        ; 0010  ; Unsigned Binary                  ;
; InsAND         ; 0011  ; Unsigned Binary                  ;
; InsOR          ; 0100  ; Unsigned Binary                  ;
; InsXOR         ; 0101  ; Unsigned Binary                  ;
; InsANDI        ; 0110  ; Unsigned Binary                  ;
; InsORI         ; 0111  ; Unsigned Binary                  ;
; InsXORI        ; 1000  ; Unsigned Binary                  ;
; InsADDI        ; 1001  ; Unsigned Binary                  ;
; InsSUBI        ; 1010  ; Unsigned Binary                  ;
; InsJ           ; 1011  ; Unsigned Binary                  ;
; InsBEZ         ; 1100  ; Unsigned Binary                  ;
; InsMUL         ; 1101  ; Unsigned Binary                  ;
; InsGHI         ; 1110  ; Unsigned Binary                  ;
; InsGLO         ; 1111  ; Unsigned Binary                  ;
; ULAADD         ; 0000  ; Unsigned Binary                  ;
; ULASUB         ; 0001  ; Unsigned Binary                  ;
; ULASLT         ; 0010  ; Unsigned Binary                  ;
; ULAAND         ; 0011  ; Unsigned Binary                  ;
; ULAOR          ; 0100  ; Unsigned Binary                  ;
; ULAXOR         ; 0101  ; Unsigned Binary                  ;
; ULABEZ         ; 0110  ; Unsigned Binary                  ;
; ULANOP         ; 0111  ; Unsigned Binary                  ;
+----------------+-------+----------------------------------+
Note: In order to hide this table in the UI and the text report file, please set the "Show Parameter Settings in Synthesis Report" option in "Analysis and Synthesis Settings -> More Settings" to "Off".


+-----------------------------------------------------------------------------------------------------+
; altsyncram Parameter Settings by Entity Instance                                                    ;
+-------------------------------------------+---------------------------------------------------------+
; Name                                      ; Value                                                   ;
+-------------------------------------------+---------------------------------------------------------+
; Number of entity instances                ; 1                                                       ;
; Entity Instance                           ; InstrMemory:instrMemory|altsyncram:altsyncram_component ;
;     -- OPERATION_MODE                     ; ROM                                                     ;
;     -- WIDTH_A                            ; 16                                                      ;
;     -- NUMWORDS_A                         ; 4096                                                    ;
;     -- OUTDATA_REG_A                      ; UNREGISTERED                                            ;
;     -- WIDTH_B                            ; 1                                                       ;
;     -- NUMWORDS_B                         ; 1                                                       ;
;     -- ADDRESS_REG_B                      ; CLOCK1                                                  ;
;     -- OUTDATA_REG_B                      ; UNREGISTERED                                            ;
;     -- RAM_BLOCK_TYPE                     ; AUTO                                                    ;
;     -- READ_DURING_WRITE_MODE_MIXED_PORTS ; DONT_CARE                                               ;
+-------------------------------------------+---------------------------------------------------------+


+-------------------------------------------------------------------------------------------------------------------+
; Port Connectivity Checks: "ULA:modULA"                                                                            ;
+---------+--------+----------+-------------------------------------------------------------------------------------+
; Port    ; Type   ; Severity ; Details                                                                             ;
+---------+--------+----------+-------------------------------------------------------------------------------------+
; FlagReg ; Output ; Info     ; Connected to dangling logic. Logic that only feeds a dangling port will be removed. ;
+---------+--------+----------+-------------------------------------------------------------------------------------+


+--------------------------------------------------+
; Port Connectivity Checks: "Mux16bit2x1:muxOpImm" ;
+----------+-------+----------+--------------------+
; Port     ; Type  ; Severity ; Details            ;
+----------+-------+----------+--------------------+
; B[15..4] ; Input ; Info     ; Stuck at GND       ;
+----------+-------+----------+--------------------+


+-------------------------------------------------------------------------------------------------------------------+
; Port Connectivity Checks: "Decoder:instdecode"                                                                    ;
+---------+--------+----------+-------------------------------------------------------------------------------------+
; Port    ; Type   ; Severity ; Details                                                                             ;
+---------+--------+----------+-------------------------------------------------------------------------------------+
; OpCode  ; Output ; Info     ; Connected to dangling logic. Logic that only feeds a dangling port will be removed. ;
; AddrImm ; Output ; Info     ; Connected to dangling logic. Logic that only feeds a dangling port will be removed. ;
+---------+--------+----------+-------------------------------------------------------------------------------------+


+-----------------------------------------------------+
; Post-Synthesis Netlist Statistics for Top Partition ;
+-------------------+---------------------------------+
; Type              ; Count                           ;
+-------------------+---------------------------------+
; boundary_port     ; 2                               ;
;                   ;                                 ;
; Max LUT depth     ; 0.00                            ;
; Average LUT depth ; 0.00                            ;
+-------------------+---------------------------------+


+-------------------------------+
; Elapsed Time Per Partition    ;
+----------------+--------------+
; Partition Name ; Elapsed Time ;
+----------------+--------------+
; Top            ; 00:00:00     ;
+----------------+--------------+


+-------------------------------+
; Analysis & Synthesis Messages ;
+-------------------------------+
Info: *******************************************************************
Info: Running Quartus Prime Analysis & Synthesis
    Info: Version 17.1.0 Build 590 10/25/2017 SJ Lite Edition
    Info: Processing started: Thu Nov 23 15:44:57 2017
Info: Command: quartus_map --read_settings_files=on --write_settings_files=off Microprocessor -c Microprocessor
Warning (18236): Number of processors has not been specified which may cause overloading on shared machines.  Set the global assignment NUM_PARALLEL_PROCESSORS in your QSF to an appropriate value for best performance.
Info (20030): Parallel compilation is enabled and will use 2 of the 2 processors detected
Info (12021): Found 1 design units, including 1 entities, in source file Mux16bit2x1.v
    Info (12023): Found entity 1: Mux16bit2x1 File: /home/iuri/Projects/altera/Microprocessor_v17_pipeline/Mux16bit2x1.v Line: 7
Info (12021): Found 1 design units, including 1 entities, in source file Decoder.v
    Info (12023): Found entity 1: Decoder File: /home/iuri/Projects/altera/Microprocessor_v17_pipeline/Decoder.v Line: 9
Info (12021): Found 1 design units, including 1 entities, in source file ULA.v
    Info (12023): Found entity 1: ULA File: /home/iuri/Projects/altera/Microprocessor_v17_pipeline/ULA.v Line: 26
Info (12021): Found 1 design units, including 1 entities, in source file Control.v
    Info (12023): Found entity 1: Control File: /home/iuri/Projects/altera/Microprocessor_v17_pipeline/Control.v Line: 7
Info (12021): Found 1 design units, including 1 entities, in source file WrapperSim.v
    Info (12023): Found entity 1: WrapperSim File: /home/iuri/Projects/altera/Microprocessor_v17_pipeline/WrapperSim.v Line: 17
Info (12021): Found 1 design units, including 1 entities, in source file Mux4bit2x1.v
    Info (12023): Found entity 1: Mux4bit2x1 File: /home/iuri/Projects/altera/Microprocessor_v17_pipeline/Mux4bit2x1.v Line: 7
Info (12021): Found 1 design units, including 1 entities, in source file Dec7Seg.v
    Info (12023): Found entity 1: Dec7Seg File: /home/iuri/Projects/altera/Microprocessor_v17_pipeline/Dec7Seg.v Line: 7
Info (12021): Found 1 design units, including 1 entities, in source file RegisterBank.v
    Info (12023): Found entity 1: RegisterBank File: /home/iuri/Projects/altera/Microprocessor_v17_pipeline/RegisterBank.v Line: 7
Info (12021): Found 1 design units, including 1 entities, in source file WrapperDE2.v
    Info (12023): Found entity 1: WrapperDE2 File: /home/iuri/Projects/altera/Microprocessor_v17_pipeline/WrapperDE2.v Line: 7
Info (12021): Found 1 design units, including 1 entities, in source file InstrMemory.v
    Info (12023): Found entity 1: InstrMemory File: /home/iuri/Projects/altera/Microprocessor_v17_pipeline/InstrMemory.v Line: 39
Info (12021): Found 1 design units, including 1 entities, in source file Mux16bit3x1.v
    Info (12023): Found entity 1: Mux16bit3x1 File: /home/iuri/Projects/altera/Microprocessor_v17_pipeline/Mux16bit3x1.v Line: 7
Info (12021): Found 1 design units, including 1 entities, in source file Microprocessor.v
    Info (12023): Found entity 1: Microprocessor File: /home/iuri/Projects/altera/Microprocessor_v17_pipeline/Microprocessor.v Line: 7
Info (12021): Found 1 design units, including 1 entities, in source file Mult.v
    Info (12023): Found entity 1: Mult File: /home/iuri/Projects/altera/Microprocessor_v17_pipeline/Mult.v Line: 9
Info (12127): Elaborating entity "Microprocessor" for the top level hierarchy
Warning (10036): Verilog HDL or VHDL warning at Microprocessor.v(11): object "jmpCond" assigned a value but never read File: /home/iuri/Projects/altera/Microprocessor_v17_pipeline/Microprocessor.v Line: 11
Warning (10858): Verilog HDL warning at Microprocessor.v(11): object escCondCP used but never assigned File: /home/iuri/Projects/altera/Microprocessor_v17_pipeline/Microprocessor.v Line: 11
Warning (10858): Verilog HDL warning at Microprocessor.v(11): object escCP used but never assigned File: /home/iuri/Projects/altera/Microprocessor_v17_pipeline/Microprocessor.v Line: 11
Warning (10036): Verilog HDL or VHDL warning at Microprocessor.v(40): object "DecExeBuffer_OpCode" assigned a value but never read File: /home/iuri/Projects/altera/Microprocessor_v17_pipeline/Microprocessor.v Line: 40
Warning (10036): Verilog HDL or VHDL warning at Microprocessor.v(44): object "DecExeBuffer_Imm" assigned a value but never read File: /home/iuri/Projects/altera/Microprocessor_v17_pipeline/Microprocessor.v Line: 44
Warning (10036): Verilog HDL or VHDL warning at Microprocessor.v(51): object "ExeWbBuffer_FlagReg" assigned a value but never read File: /home/iuri/Projects/altera/Microprocessor_v17_pipeline/Microprocessor.v Line: 51
Warning (10230): Verilog HDL assignment warning at Microprocessor.v(145): truncated value with size 32 to match size of target (16) File: /home/iuri/Projects/altera/Microprocessor_v17_pipeline/Microprocessor.v Line: 145
Info (12128): Elaborating entity "InstrMemory" for hierarchy "InstrMemory:instrMemory" File: /home/iuri/Projects/altera/Microprocessor_v17_pipeline/Microprocessor.v Line: 56
Info (12128): Elaborating entity "altsyncram" for hierarchy "InstrMemory:instrMemory|altsyncram:altsyncram_component" File: /home/iuri/Projects/altera/Microprocessor_v17_pipeline/InstrMemory.v Line: 81
Info (12130): Elaborated megafunction instantiation "InstrMemory:instrMemory|altsyncram:altsyncram_component" File: /home/iuri/Projects/altera/Microprocessor_v17_pipeline/InstrMemory.v Line: 81
Info (12133): Instantiated megafunction "InstrMemory:instrMemory|altsyncram:altsyncram_component" with the following parameter: File: /home/iuri/Projects/altera/Microprocessor_v17_pipeline/InstrMemory.v Line: 81
    Info (12134): Parameter "clock_enable_input_a" = "BYPASS"
    Info (12134): Parameter "clock_enable_output_a" = "BYPASS"
    Info (12134): Parameter "init_file" = "MemoryInitFile.mif"
    Info (12134): Parameter "intended_device_family" = "Cyclone II"
    Info (12134): Parameter "lpm_hint" = "ENABLE_RUNTIME_MOD=NO"
    Info (12134): Parameter "lpm_type" = "altsyncram"
    Info (12134): Parameter "numwords_a" = "4096"
    Info (12134): Parameter "operation_mode" = "ROM"
    Info (12134): Parameter "outdata_aclr_a" = "NONE"
    Info (12134): Parameter "outdata_reg_a" = "UNREGISTERED"
    Info (12134): Parameter "widthad_a" = "12"
    Info (12134): Parameter "width_a" = "16"
    Info (12134): Parameter "width_byteena_a" = "1"
Info (12021): Found 1 design units, including 1 entities, in source file db/altsyncram_qu81.tdf
    Info (12023): Found entity 1: altsyncram_qu81 File: /home/iuri/Projects/altera/Microprocessor_v17_pipeline/db/altsyncram_qu81.tdf Line: 27
Info (12128): Elaborating entity "altsyncram_qu81" for hierarchy "InstrMemory:instrMemory|altsyncram:altsyncram_component|altsyncram_qu81:auto_generated" File: /home/iuri/altera/17.1/quartus/libraries/megafunctions/altsyncram.tdf Line: 791
Info (12128): Elaborating entity "Decoder" for hierarchy "Decoder:instdecode" File: /home/iuri/Projects/altera/Microprocessor_v17_pipeline/Microprocessor.v Line: 67
Info (12128): Elaborating entity "RegisterBank" for hierarchy "RegisterBank:regBank" File: /home/iuri/Projects/altera/Microprocessor_v17_pipeline/Microprocessor.v Line: 78
Info (12128): Elaborating entity "Mux16bit2x1" for hierarchy "Mux16bit2x1:muxFowardA" File: /home/iuri/Projects/altera/Microprocessor_v17_pipeline/Microprocessor.v Line: 81
Info (12128): Elaborating entity "ULA" for hierarchy "ULA:modULA" File: /home/iuri/Projects/altera/Microprocessor_v17_pipeline/Microprocessor.v Line: 93
Info (12128): Elaborating entity "Control" for hierarchy "Control:ctrl" File: /home/iuri/Projects/altera/Microprocessor_v17_pipeline/Microprocessor.v Line: 122
Warning (14284): Synthesized away the following node(s):
    Warning (14285): Synthesized away the following RAM node(s):
        Warning (14320): Synthesized away node "InstrMemory:instrMemory|altsyncram:altsyncram_component|altsyncram_qu81:auto_generated|q_a[0]" File: /home/iuri/Projects/altera/Microprocessor_v17_pipeline/db/altsyncram_qu81.tdf Line: 34
        Warning (14320): Synthesized away node "InstrMemory:instrMemory|altsyncram:altsyncram_component|altsyncram_qu81:auto_generated|q_a[1]" File: /home/iuri/Projects/altera/Microprocessor_v17_pipeline/db/altsyncram_qu81.tdf Line: 54
        Warning (14320): Synthesized away node "InstrMemory:instrMemory|altsyncram:altsyncram_component|altsyncram_qu81:auto_generated|q_a[2]" File: /home/iuri/Projects/altera/Microprocessor_v17_pipeline/db/altsyncram_qu81.tdf Line: 74
        Warning (14320): Synthesized away node "InstrMemory:instrMemory|altsyncram:altsyncram_component|altsyncram_qu81:auto_generated|q_a[3]" File: /home/iuri/Projects/altera/Microprocessor_v17_pipeline/db/altsyncram_qu81.tdf Line: 94
        Warning (14320): Synthesized away node "InstrMemory:instrMemory|altsyncram:altsyncram_component|altsyncram_qu81:auto_generated|q_a[4]" File: /home/iuri/Projects/altera/Microprocessor_v17_pipeline/db/altsyncram_qu81.tdf Line: 114
        Warning (14320): Synthesized away node "InstrMemory:instrMemory|altsyncram:altsyncram_component|altsyncram_qu81:auto_generated|q_a[5]" File: /home/iuri/Projects/altera/Microprocessor_v17_pipeline/db/altsyncram_qu81.tdf Line: 134
        Warning (14320): Synthesized away node "InstrMemory:instrMemory|altsyncram:altsyncram_component|altsyncram_qu81:auto_generated|q_a[6]" File: /home/iuri/Projects/altera/Microprocessor_v17_pipeline/db/altsyncram_qu81.tdf Line: 154
        Warning (14320): Synthesized away node "InstrMemory:instrMemory|altsyncram:altsyncram_component|altsyncram_qu81:auto_generated|q_a[7]" File: /home/iuri/Projects/altera/Microprocessor_v17_pipeline/db/altsyncram_qu81.tdf Line: 174
        Warning (14320): Synthesized away node "InstrMemory:instrMemory|altsyncram:altsyncram_component|altsyncram_qu81:auto_generated|q_a[8]" File: /home/iuri/Projects/altera/Microprocessor_v17_pipeline/db/altsyncram_qu81.tdf Line: 194
        Warning (14320): Synthesized away node "InstrMemory:instrMemory|altsyncram:altsyncram_component|altsyncram_qu81:auto_generated|q_a[9]" File: /home/iuri/Projects/altera/Microprocessor_v17_pipeline/db/altsyncram_qu81.tdf Line: 214
        Warning (14320): Synthesized away node "InstrMemory:instrMemory|altsyncram:altsyncram_component|altsyncram_qu81:auto_generated|q_a[10]" File: /home/iuri/Projects/altera/Microprocessor_v17_pipeline/db/altsyncram_qu81.tdf Line: 234
        Warning (14320): Synthesized away node "InstrMemory:instrMemory|altsyncram:altsyncram_component|altsyncram_qu81:auto_generated|q_a[11]" File: /home/iuri/Projects/altera/Microprocessor_v17_pipeline/db/altsyncram_qu81.tdf Line: 254
        Warning (14320): Synthesized away node "InstrMemory:instrMemory|altsyncram:altsyncram_component|altsyncram_qu81:auto_generated|q_a[12]" File: /home/iuri/Projects/altera/Microprocessor_v17_pipeline/db/altsyncram_qu81.tdf Line: 274
        Warning (14320): Synthesized away node "InstrMemory:instrMemory|altsyncram:altsyncram_component|altsyncram_qu81:auto_generated|q_a[13]" File: /home/iuri/Projects/altera/Microprocessor_v17_pipeline/db/altsyncram_qu81.tdf Line: 294
        Warning (14320): Synthesized away node "InstrMemory:instrMemory|altsyncram:altsyncram_component|altsyncram_qu81:auto_generated|q_a[14]" File: /home/iuri/Projects/altera/Microprocessor_v17_pipeline/db/altsyncram_qu81.tdf Line: 314
        Warning (14320): Synthesized away node "InstrMemory:instrMemory|altsyncram:altsyncram_component|altsyncram_qu81:auto_generated|q_a[15]" File: /home/iuri/Projects/altera/Microprocessor_v17_pipeline/db/altsyncram_qu81.tdf Line: 334
Info (17049): 25 registers lost all their fanouts during netlist optimizations.
Info (144001): Generated suppressed messages file /home/iuri/Projects/altera/Microprocessor_v17_pipeline/output_files/Microprocessor.map.smsg
Info (16010): Generating hard_block partition "hard_block:auto_generated_inst"
    Info (16011): Adding 0 node(s), including 0 DDIO, 0 PLL, 0 transceiver and 0 LCELL
Warning (21074): Design contains 2 input pin(s) that do not drive logic
    Warning (15610): No output dependent on input pin "RST" File: /home/iuri/Projects/altera/Microprocessor_v17_pipeline/Microprocessor.v Line: 9
    Warning (15610): No output dependent on input pin "CLK" File: /home/iuri/Projects/altera/Microprocessor_v17_pipeline/Microprocessor.v Line: 9
Info (21057): Implemented 2 device resources after synthesis - the final resource count might be different
    Info (21058): Implemented 2 input pins
    Info (21059): Implemented 0 output pins
Info: Quartus Prime Analysis & Synthesis was successful. 0 errors, 29 warnings
    Info: Peak virtual memory: 972 megabytes
    Info: Processing ended: Thu Nov 23 15:45:11 2017
    Info: Elapsed time: 00:00:14
    Info: Total CPU time (on all processors): 00:00:35


+------------------------------------------+
; Analysis & Synthesis Suppressed Messages ;
+------------------------------------------+
The suppressed messages can be found in /home/iuri/Projects/altera/Microprocessor_v17_pipeline/output_files/Microprocessor.map.smsg.


